*************************
 Evaluating: ID_Improved
*************************

Playing Matches:
----------
  Match 1: ID_Improved vs   Random    	Result: 34 to 6
  Match 2: ID_Improved vs   Greedy    	Result: 24 to 16
  Match 3: ID_Improved vs   MM_Null   	Result: 29 to 11
  Match 4: ID_Improved vs   MM_Open   	Result: 20 to 20
  Match 5: ID_Improved vs MM_Improved 	Result: 20 to 20
  Match 6: ID_Improved vs   AB_Null   	Result: 28 to 12
  Match 7: ID_Improved vs   AB_Open   	Result: 22 to 18
  Match 8: ID_Improved vs AB_Improved 	Result: 22 to 18


Results:
----------
ID_Improved         62.19%

*************************
Evaluating: Student Aggressive
*************************

Playing Matches:
----------
  Match 1: Student Aggressive vs   Random    	Result: 37 to 3
  Match 2: Student Aggressive vs   Greedy    	Result: 19 to 21
  Match 3: Student Aggressive vs   MM_Null   	Result: 27 to 13
  Match 4: Student Aggressive vs   MM_Open   	Result: 19 to 21
  Match 5: Student Aggressive vs MM_Improved 	Result: 17 to 23
  Match 6: Student Aggressive vs   AB_Null   	Result: 26 to 14
  Match 7: Student Aggressive vs   AB_Open   	Result: 27 to 13
  Match 8: Student Aggressive vs AB_Improved 	Result: 23 to 17


Results:
----------
Student Aggressive     60.94%

*************************
Evaluating: Student Balanced
*************************

Playing Matches:
----------
  Match 1: Student Balanced vs   Random    	Result: 37 to 3
  Match 2: Student Balanced vs   Greedy    	Result: 29 to 11
  Match 3: Student Balanced vs   MM_Null   	Result: 33 to 7
  Match 4: Student Balanced vs   MM_Open   	Result: 21 to 19
  Match 5: Student Balanced vs MM_Improved 	Result: 18 to 22
  Match 6: Student Balanced vs   AB_Null   	Result: 27 to 13
  Match 7: Student Balanced vs   AB_Open   	Result: 28 to 12
  Match 8: Student Balanced vs AB_Improved 	Result: 24 to 16


Results:
----------
Student Balanced     67.81%

*************************
 Evaluating: Student MCS
*************************

Playing Matches:
----------
  Match 1: Student MCS vs   Random    	Result: 38 to 2
  Match 2: Student MCS vs   Greedy    	Result: 23 to 17
  Match 3: Student MCS vs   MM_Null   	Result: 32 to 8
  Match 4: Student MCS vs   MM_Open   	Result: 24 to 16
  Match 5: Student MCS vs MM_Improved 	Result: 25 to 15
  Match 6: Student MCS vs   AB_Null   	Result: 30 to 10
  Match 7: Student MCS vs   AB_Open   	Result: 28 to 12
  Match 8: Student MCS vs AB_Improved 	Result: 30 to 10


Results:
----------
Student MCS         71.88%
